<?xml version="1.0" encoding="UTF-8"?>
<!-- Generated by org.testng.reporters.JUnitReportReporter -->
<testsuite hostname="DESKTOP-2T0FKH3" name="com.training.sanity.tests.LoginTest_ELTC_010" tests="1" failures="0" timestamp="13 Jun 2019 07:37:36 GMT" time="48.502" errors="0">
  <testcase name="validLoginTest" time="48.502" classname="com.training.sanity.tests.LoginTest_ELTC_010"/>
</testsuite> <!-- com.training.sanity.tests.LoginTest_ELTC_010 -->
