<?xml version="1.0" encoding="UTF-8"?>
<!-- Generated by org.testng.reporters.JUnitReportReporter -->
<testsuite hostname="DESKTOP-2T0FKH3" name="com.training.sanity.tests.ELTC_046" tests="1" failures="0" timestamp="23 Jun 2019 10:11:49 GMT" time="40.599" errors="0">
  <testcase name="validLoginTest" time="40.599" classname="com.training.sanity.tests.ELTC_046"/>
</testsuite> <!-- com.training.sanity.tests.ELTC_046 -->
