<?xml version="1.0" encoding="UTF-8"?>
<!-- Generated by org.testng.reporters.JUnitReportReporter -->
<testsuite hostname="DESKTOP-2T0FKH3" name="com.training.sanity.tests.LoginTest_ELTC11" tests="1" failures="0" timestamp="15 Jun 2019 15:07:06 GMT" time="22.728" errors="0">
  <testcase name="validLoginTest" time="22.728" classname="com.training.sanity.tests.LoginTest_ELTC11"/>
</testsuite> <!-- com.training.sanity.tests.LoginTest_ELTC11 -->
