<?xml version="1.0" encoding="UTF-8"?>
<!-- Generated by org.testng.reporters.JUnitReportReporter -->
<testsuite hostname="DESKTOP-2T0FKH3" name="com.training.sanity.tests.LoginTest_ELTC010" tests="1" failures="0" timestamp="15 Jun 2019 15:05:33 GMT" time="19.529" errors="0">
  <testcase name="validLoginTest" time="19.529" classname="com.training.sanity.tests.LoginTest_ELTC010"/>
</testsuite> <!-- com.training.sanity.tests.LoginTest_ELTC010 -->
