<?xml version="1.0" encoding="UTF-8"?>
<!-- Generated by org.testng.reporters.JUnitReportReporter -->
<testsuite hostname="DESKTOP-2T0FKH3" name="com.training.sanity.tests.ELTC_044" tests="1" failures="0" timestamp="22 Jun 2019 10:29:23 GMT" time="47.347" errors="0">
  <testcase name="validLoginTest" time="47.347" classname="com.training.sanity.tests.ELTC_044"/>
</testsuite> <!-- com.training.sanity.tests.ELTC_044 -->
