<?xml version="1.0" encoding="UTF-8"?>
<!-- Generated by org.testng.reporters.JUnitReportReporter -->
<testsuite hostname="DESKTOP-2T0FKH3" name="com.training.sanity.tests.ELTC_043" tests="1" failures="0" timestamp="21 Jun 2019 12:00:41 GMT" time="79.869" errors="0">
  <testcase name="validLoginTest" time="79.869" classname="com.training.sanity.tests.ELTC_043"/>
</testsuite> <!-- com.training.sanity.tests.ELTC_043 -->
