<?xml version="1.0" encoding="UTF-8"?>
<!-- Generated by org.testng.reporters.JUnitReportReporter -->
<testsuite hostname="DESKTOP-2T0FKH3" name="com.training.sanity.tests.LoginTests" tests="1" failures="0" timestamp="13 Jun 2019 07:30:33 GMT" time="15.696" errors="0">
  <testcase name="validLoginTest" time="15.696" classname="com.training.sanity.tests.LoginTests"/>
</testsuite> <!-- com.training.sanity.tests.LoginTests -->
