<?xml version="1.0" encoding="UTF-8"?>
<!-- Generated by org.testng.reporters.JUnitReportReporter -->
<testsuite hostname="DESKTOP-2T0FKH3" name="com.training.sanity.tests.ELTC_045" tests="1" failures="0" timestamp="22 Jun 2019 11:59:17 GMT" time="31.765" errors="0">
  <testcase name="validLoginTest" time="31.765" classname="com.training.sanity.tests.ELTC_045"/>
</testsuite> <!-- com.training.sanity.tests.ELTC_045 -->
