<?xml version="1.0" encoding="UTF-8"?>
<!-- Generated by org.testng.reporters.JUnitReportReporter -->
<testsuite hostname="DESKTOP-2T0FKH3" name="com.training.sanity.tests.LoginTest_ELTC35" tests="1" failures="0" timestamp="19 Jun 2019 07:31:42 GMT" time="27.993" errors="0">
  <testcase name="validLoginTest" time="27.993" classname="com.training.sanity.tests.LoginTest_ELTC35"/>
</testsuite> <!-- com.training.sanity.tests.LoginTest_ELTC35 -->
